0 info it worked if it ends with ok
1 verbose cli [ '/usr/bin/nodejs', '/usr/bin/npm', 'install', '-g', 'bower' ]
2 info using npm@2.14.4
3 info using node@v4.1.1
4 verbose install initial load of /usr/lib/package.json
5 verbose readDependencies loading dependencies from /usr/lib/package.json
6 silly cache add args [ 'bower', null ]
7 verbose cache add spec bower
8 silly cache add parsed spec Result {
8 silly cache add   raw: 'bower',
8 silly cache add   scope: null,
8 silly cache add   name: 'bower',
8 silly cache add   rawSpec: '',
8 silly cache add   spec: '*',
8 silly cache add   type: 'range' }
9 silly addNamed bower@*
10 verbose addNamed "*" is a valid semver range for bower
11 silly addNameRange { name: 'bower', range: '*', hasData: false }
12 silly mapToRegistry name bower
13 silly mapToRegistry using default registry
14 silly mapToRegistry registry https://registry.npmjs.org/
15 silly mapToRegistry uri https://registry.npmjs.org/bower
16 verbose addNameRange registry:https://registry.npmjs.org/bower not in flight; fetching
17 verbose request uri https://registry.npmjs.org/bower
18 verbose request no auth needed
19 info attempt registry request try #1 at 14:12:50
20 verbose request id 74c339cf2f55c63e
21 http request GET https://registry.npmjs.org/bower
22 http 200 https://registry.npmjs.org/bower
23 silly get cb [ 200,
23 silly get   { server: 'CouchDB/1.5.0 (Erlang OTP/R16B03)',
23 silly get     etag: '"26ZXJWUC6STJBWE47TWA524CZ"',
23 silly get     'content-type': 'application/json',
23 silly get     'cache-control': 'max-age=300',
23 silly get     'content-length': '168582',
23 silly get     'accept-ranges': 'bytes',
23 silly get     date: 'Thu, 21 Jan 2016 14:12:53 GMT',
23 silly get     via: '1.1 varnish',
23 silly get     age: '49',
23 silly get     connection: 'keep-alive',
23 silly get     'x-served-by': 'cache-atl6222-ATL',
23 silly get     'x-cache': 'HIT',
23 silly get     'x-cache-hits': '1',
23 silly get     'x-timer': 'S1453385573.106392,VS0,VE0',
23 silly get     vary: 'Accept' } ]
24 verbose get saving bower to /home/vagrant/.npm/registry.npmjs.org/bower/.cache.json
25 verbose makeDirectory /home/vagrant/.npm creation not in flight; initializing
26 silly makeDirectory /home/vagrant/.npm uid: 900 gid: 900
27 silly addNameRange number 2 { name: 'bower', range: '*', hasData: true }
28 silly addNameRange versions [ 'bower',
28 silly addNameRange   [ '0.1.0',
28 silly addNameRange     '0.1.2',
28 silly addNameRange     '0.1.3',
28 silly addNameRange     '0.2.0',
28 silly addNameRange     '0.3.0',
28 silly addNameRange     '0.3.1',
28 silly addNameRange     '0.3.2',
28 silly addNameRange     '0.4.0',
28 silly addNameRange     '0.5.0',
28 silly addNameRange     '0.5.1',
28 silly addNameRange     '0.6.0',
28 silly addNameRange     '0.6.1',
28 silly addNameRange     '0.6.2',
28 silly addNameRange     '0.6.3',
28 silly addNameRange     '0.6.4',
28 silly addNameRange     '0.6.5',
28 silly addNameRange     '0.6.6',
28 silly addNameRange     '0.6.7',
28 silly addNameRange     '0.6.8',
28 silly addNameRange     '0.7.0',
28 silly addNameRange     '0.7.1',
28 silly addNameRange     '0.8.0',
28 silly addNameRange     '0.8.1',
28 silly addNameRange     '0.8.2',
28 silly addNameRange     '0.8.3',
28 silly addNameRange     '0.8.4',
28 silly addNameRange     '0.8.5',
28 silly addNameRange     '0.8.6',
28 silly addNameRange     '0.9.0',
28 silly addNameRange     '0.9.1',
28 silly addNameRange     '0.9.2',
28 silly addNameRange     '0.10.0',
28 silly addNameRange     '1.0.0',
28 silly addNameRange     '1.0.1',
28 silly addNameRange     '1.0.2',
28 silly addNameRange     '1.0.3',
28 silly addNameRange     '1.1.0',
28 silly addNameRange     '1.1.1',
28 silly addNameRange     '1.1.2',
28 silly addNameRange     '1.2.0',
28 silly addNameRange     '1.2.1',
28 silly addNameRange     '1.2.2',
28 silly addNameRange     '1.2.3',
28 silly addNameRange     '1.2.4',
28 silly addNameRange     '1.2.5',
28 silly addNameRange     '1.2.6',
28 silly addNameRange     '1.2.7',
28 silly addNameRange     '1.2.8',
28 silly addNameRange     '1.3.0',
28 silly addNameRange     '1.3.1',
28 silly addNameRange     '1.3.2',
28 silly addNameRange     '1.3.3',
28 silly addNameRange     '1.3.4',
28 silly addNameRange     '1.3.5',
28 silly addNameRange     '1.3.6',
28 silly addNameRange     '1.3.7',
28 silly addNameRange     '1.3.8',
28 silly addNameRange     '1.3.9',
28 silly addNameRange     '1.3.10',
28 silly addNameRange     '1.3.11',
28 silly addNameRange     '1.3.12',
28 silly addNameRange     '1.4.0',
28 silly addNameRange     '1.4.1',
28 silly addNameRange     '1.5.0',
28 silly addNameRange     '1.5.1',
28 silly addNameRange     '1.5.2',
28 silly addNameRange     '1.5.3',
28 silly addNameRange     '1.6.2',
28 silly addNameRange     '1.6.3',
28 silly addNameRange     '1.6.4',
28 silly addNameRange     '1.6.5',
28 silly addNameRange     '1.5.4',
28 silly addNameRange     '1.4.2',
28 silly addNameRange     '1.6.6',
28 silly addNameRange     '1.6.7',
28 silly addNameRange     '1.6.8',
28 silly addNameRange     '1.6.9',
28 silly addNameRange     '1.7.0',
28 silly addNameRange     '1.7.1',
28 silly addNameRange     '1.7.2',
28 silly addNameRange     '1.7.4' ] ]
29 silly addNamed bower@1.7.2
30 verbose addNamed "1.7.2" is a plain semver version for bower
31 silly mapToRegistry name bower
32 silly mapToRegistry using default registry
33 silly mapToRegistry registry https://registry.npmjs.org/
34 silly mapToRegistry uri https://registry.npmjs.org/bower
35 verbose addRemoteTarball https://registry.npmjs.org/bower/-/bower-1.7.2.tgz not in flight; adding
36 verbose addRemoteTarball [ 'https://registry.npmjs.org/bower/-/bower-1.7.2.tgz',
36 verbose addRemoteTarball   'b04228f9970f11777017e64ae39d71f9346c9575' ]
37 info retry fetch attempt 1 at 14:12:55
38 info attempt registry request try #1 at 14:12:55
39 http fetch GET https://registry.npmjs.org/bower/-/bower-1.7.2.tgz
40 http fetch 200 https://registry.npmjs.org/bower/-/bower-1.7.2.tgz
41 silly fetchAndShaCheck shasum b04228f9970f11777017e64ae39d71f9346c9575
42 verbose addTmpTarball /tmp/npm-2061-9434e564/registry.npmjs.org/bower/-/bower-1.7.2.tgz not in flight; adding
43 verbose addTmpTarball already have metadata; skipping unpack for bower@1.7.2
44 silly cache afterAdd bower@1.7.2
45 verbose afterAdd /home/vagrant/.npm/bower/1.7.2/package/package.json not in flight; writing
46 verbose afterAdd /home/vagrant/.npm/bower/1.7.2/package/package.json written
47 silly install resolved [ { name: 'bower',
47 silly install resolved     version: '1.7.2',
47 silly install resolved     description: 'The browser package manager',
47 silly install resolved     author: { name: 'Twitter' },
47 silly install resolved     license: 'MIT',
47 silly install resolved     repository: { type: 'git', url: 'git+https://github.com/bower/bower.git' },
47 silly install resolved     main: 'lib',
47 silly install resolved     homepage: 'http://bower.io',
47 silly install resolved     engines: { node: '>=0.10.0' },
47 silly install resolved     keywords: [ 'bower' ],
47 silly install resolved     dependencies:
47 silly install resolved      { abbrev: '^1.0.5',
47 silly install resolved        archy: '1.0.0',
47 silly install resolved        'bower-config': '^1.3.0',
47 silly install resolved        'bower-endpoint-parser': '^0.2.2',
47 silly install resolved        'bower-json': '^0.4.0',
47 silly install resolved        'bower-logger': '^0.2.2',
47 silly install resolved        'bower-registry-client': '^1.0.0',
47 silly install resolved        cardinal: '0.4.4',
47 silly install resolved        chalk: '^1.0.0',
47 silly install resolved        chmodr: '^1.0.2',
47 silly install resolved        configstore: '^0.3.2',
47 silly install resolved        'decompress-zip': '^0.1.0',
47 silly install resolved        destroy: '^1.0.3',
47 silly install resolved        'fs-write-stream-atomic': '1.0.5',
47 silly install resolved        fstream: '^1.0.3',
47 silly install resolved        'fstream-ignore': '^1.0.2',
47 silly install resolved        github: '^0.2.3',
47 silly install resolved        glob: '^4.3.2',
47 silly install resolved        'graceful-fs': '^3.0.5',
47 silly install resolved        handlebars: '^2.0.0',
47 silly install resolved        inquirer: '0.10.0',
47 silly install resolved        insight: '^0.7.0',
47 silly install resolved        'is-root': '^1.0.0',
47 silly install resolved        junk: '^1.0.0',
47 silly install resolved        lockfile: '^1.0.0',
47 silly install resolved        'lru-cache': '^2.5.0',
47 silly install resolved        'md5-hex': '^1.0.2',
47 silly install resolved        mkdirp: '0.5.0',
47 silly install resolved        mout: '^0.11.0',
47 silly install resolved        nopt: '^3.0.1',
47 silly install resolved        opn: '^1.0.1',
47 silly install resolved        'p-throttler': '0.1.1',
47 silly install resolved        promptly: '0.2.0',
47 silly install resolved        q: '^1.1.2',
47 silly install resolved        request: '2.53.0',
47 silly install resolved        'request-progress': '0.3.1',
47 silly install resolved        retry: '0.6.1',
47 silly install resolved        rimraf: '^2.2.8',
47 silly install resolved        semver: '^2.3.0',
47 silly install resolved        'semver-utils': '^1.1.1',
47 silly install resolved        'shell-quote': '^1.4.2',
47 silly install resolved        'stringify-object': '^1.0.0',
47 silly install resolved        'tar-fs': '^1.4.1',
47 silly install resolved        tmp: '0.0.24',
47 silly install resolved        'update-notifier': '^0.6.0',
47 silly install resolved        'user-home': '^1.1.0',
47 silly install resolved        which: '^1.0.8' },
47 silly install resolved     devDependencies:
47 silly install resolved      { chai: '^1.10.0',
47 silly install resolved        coveralls: '^2.11.2',
47 silly install resolved        'expect.js': '^0.3.1',
47 silly install resolved        grunt: '^0.4.5',
47 silly install resolved        'grunt-cli': '^0.1.13',
47 silly install resolved        'grunt-contrib-jshint': '^0.10.0',
47 silly install resolved        'grunt-contrib-watch': '^0.6.1',
47 silly install resolved        'grunt-exec': '^0.4.6',
47 silly install resolved        'grunt-jscs': '^2.3.0',
47 silly install resolved        'grunt-simple-mocha': '^0.4.0',
47 silly install resolved        istanbul: '^0.3.5',
47 silly install resolved        'load-grunt-tasks': '^2.0.0',
47 silly install resolved        mocha: '^2.1.0',
47 silly install resolved        multiline: '^1.0.2',
47 silly install resolved        nock: '^3.1.0',
47 silly install resolved        'node-uuid': '^1.4.2',
47 silly install resolved        proxyquire: '^1.3.0',
47 silly install resolved        'spawn-sync': '1.0.13' },
47 silly install resolved     scripts:
47 silly install resolved      { test: 'grunt test',
47 silly install resolved        ci: 'grunt travis',
47 silly install resolved        coveralls: 'coveralls' },
47 silly install resolved     bin: { bower: 'bin/bower' },
47 silly install resolved     files: [ 'bin', 'lib', 'templates' ],
47 silly install resolved     gitHead: 'a2f21e2703df020617bc35bbc2fb823c8a14b885',
47 silly install resolved     bugs: { url: 'https://github.com/bower/bower/issues' },
47 silly install resolved     bundleDependencies:
47 silly install resolved      [ 'abbrev',
47 silly install resolved        'archy',
47 silly install resolved        'bower-config',
47 silly install resolved        'bower-endpoint-parser',
47 silly install resolved        'bower-json',
47 silly install resolved        'bower-logger',
47 silly install resolved        'bower-registry-client',
47 silly install resolved        'cardinal',
47 silly install resolved        'chalk',
47 silly install resolved        'chmodr',
47 silly install resolved        'configstore',
47 silly install resolved        'decompress-zip',
47 silly install resolved        'destroy',
47 silly install resolved        'fs-write-stream-atomic',
47 silly install resolved        'fstream',
47 silly install resolved        'fstream-ignore',
47 silly install resolved        'github',
47 silly install resolved        'glob',
47 silly install resolved        'graceful-fs',
47 silly install resolved        'handlebars',
47 silly install resolved        'inquirer',
47 silly install resolved        'insight',
47 silly install resolved        'is-root',
47 silly install resolved        'junk',
47 silly install resolved        'lockfile',
47 silly install resolved        'lru-cache',
47 silly install resolved        'md5-hex',
47 silly install resolved        'mkdirp',
47 silly install resolved        'mout',
47 silly install resolved        'nopt',
47 silly install resolved        'opn',
47 silly install resolved        'p-throttler',
47 silly install resolved        'promptly',
47 silly install resolved        'q',
47 silly install resolved        'request',
47 silly install resolved        'request-progress',
47 silly install resolved        'retry',
47 silly install resolved        'rimraf',
47 silly install resolved        'semver',
47 silly install resolved        'shell-quote',
47 silly install resolved        'stringify-object',
47 silly install resolved        'tar-fs',
47 silly install resolved        'tmp',
47 silly install resolved        'update-notifier',
47 silly install resolved        'user-home',
47 silly install resolved        'which' ],
47 silly install resolved     _id: 'bower@1.7.2',
47 silly install resolved     _shasum: 'b04228f9970f11777017e64ae39d71f9346c9575',
47 silly install resolved     _from: 'bower@*',
47 silly install resolved     _npmVersion: '2.14.15',
47 silly install resolved     _nodeVersion: '4.2.3',
47 silly install resolved     _npmUser: { name: 'vladikoff', email: 'vlad@vladikoff.com' },
47 silly install resolved     maintainers:
47 silly install resolved      [ [Object],
47 silly install resolved        [Object],
47 silly install resolved        [Object],
47 silly install resolved        [Object],
47 silly install resolved        [Object],
47 silly install resolved        [Object],
47 silly install resolved        [Object] ],
47 silly install resolved     dist:
47 silly install resolved      { shasum: 'b04228f9970f11777017e64ae39d71f9346c9575',
47 silly install resolved        tarball: 'http://registry.npmjs.org/bower/-/bower-1.7.2.tgz' },
47 silly install resolved     directories: {},
47 silly install resolved     _resolved: 'https://registry.npmjs.org/bower/-/bower-1.7.2.tgz' } ]
48 info install bower@1.7.2 into /usr/lib
49 info installOne bower@1.7.2
50 verbose installOne of bower to /usr/lib not in flight; installing
51 verbose makeDirectory /home/vagrant/.npm/_locks creation not in flight; initializing
52 silly makeDirectory /home/vagrant/.npm/_locks uid: 900 gid: 900
53 verbose lock using /home/vagrant/.npm/_locks/bower-f46d670cb56ecd4d.lock for /usr/lib/node_modules/bower
54 silly install write writing bower 1.7.2 to /usr/lib/node_modules/bower
55 verbose unbuild lib/node_modules/bower
56 info preuninstall bower@1.5.3
57 info uninstall bower@1.5.3
58 verbose unbuild rmStuff bower@1.5.3 from /usr/lib/node_modules
59 silly gentlyRm /usr/bin/bower is being gently removed
60 silly gentlyRm verifying /usr is an npm working directory
61 silly gentlyRm containing path /usr is under npm's control, in /usr
62 silly gentlyRm deletion target /usr/bin/bower is under /usr
63 verbose gentlyRm vacuuming from /usr/bin/bower up to /usr
64 silly vacuum-fs removing /usr/bin/bower
65 verbose unlock done using /home/vagrant/.npm/_locks/bower-f46d670cb56ecd4d.lock for /usr/lib/node_modules/bower
66 verbose stack Error: EACCES: permission denied, unlink '/usr/bin/bower'
66 verbose stack     at Error (native)
67 verbose cwd /home/vagrant/Code/personal/sisgenoaca
68 error Linux 3.19.0-25-generic
69 error argv "/usr/bin/nodejs" "/usr/bin/npm" "install" "-g" "bower"
70 error node v4.1.1
71 error npm  v2.14.4
72 error path /usr/bin/bower
73 error code EACCES
74 error errno -13
75 error syscall unlink
76 error Error: EACCES: permission denied, unlink '/usr/bin/bower'
76 error     at Error (native)
76 error  { [Error: EACCES: permission denied, unlink '/usr/bin/bower']
76 error   errno: -13,
76 error   code: 'EACCES',
76 error   syscall: 'unlink',
76 error   path: '/usr/bin/bower' }
77 error Please try running this command again as root/Administrator.
78 verbose exit [ -13, true ]
79 verbose unbuild lib/node_modules/bower
80 info preuninstall bower@1.5.3
81 info uninstall bower@1.5.3
82 verbose unbuild rmStuff bower@1.5.3 from /usr/lib/node_modules
83 silly gentlyRm /usr/bin/bower is being gently removed
84 silly gentlyRm verifying /usr is an npm working directory
85 silly gentlyRm containing path /usr is under npm's control, in /usr
86 silly gentlyRm deletion target /usr/bin/bower is under /usr
87 verbose gentlyRm vacuuming from /usr/bin/bower up to /usr
88 silly vacuum-fs removing /usr/bin/bower
89 error error rolling back Error: EACCES: permission denied, unlink '/usr/bin/bower'
89 error error rolling back     at Error (native)
89 error error rolling back  { [Error: EACCES: permission denied, unlink '/usr/bin/bower']
89 error error rolling back   errno: -13,
89 error error rolling back   code: 'EACCES',
89 error error rolling back   syscall: 'unlink',
89 error error rolling back   path: '/usr/bin/bower' }
